<?xml version="1.0" encoding="UTF-8"?>
<!-- Generated by org.testng.reporters.JUnitXMLReporter -->
<testsuite ignored="1" hostname="DESKTOP-5BKKI8L" failures="0" tests="2" name="Default test" time="24.513" errors="0" timestamp="2024-04-11T05:14:32 PDT">
  <testcase classname="com.allianz.test.LoginUITest" name="applicationDescription" time="12.311"/>
  <testcase classname="com.allianz.test.LoginUITest" name="applicationDescription" time="12.076"/>
  <testcase classname="com.allianz.test.LoginUITest" name="titleTest" time="0.0">
    <ignored/>
  </testcase> <!-- titleTest -->
</testsuite> <!-- Default test -->
