<?xml version="1.0" encoding="UTF-8"?>
<!-- Generated by org.testng.reporters.JUnitXMLReporter -->
<testsuite ignored="1" hostname="DESKTOP-5BKKI8L" failures="0" tests="2" name="Default test" time="44.885" errors="0" timestamp="2024-04-24T22:50:07 PDT">
  <testcase classname="com.allianz.test.LoginTest" name="validLoginTest" time="4.145"/>
  <testcase classname="com.allianz.test.LoginTest" name="validLoginTest" time="4.124"/>
  <testcase classname="com.allianz.test.LoginTest" name="invalidLoginTest" time="0.0">
    <ignored/>
  </testcase> <!-- invalidLoginTest -->
</testsuite> <!-- Default test -->
