<?xml version="1.0" encoding="UTF-8"?>
<testng-results ignored="0" total="2" passed="2" failed="0" skipped="0">
  <reporter-output>
  </reporter-output>
  <suite started-at="2024-04-17T22:55:54 PDT" name="Default suite" finished-at="2024-04-17T22:56:24 PDT" duration-ms="30234">
    <groups>
    </groups>
    <test started-at="2024-04-17T22:55:54 PDT" name="Default test" finished-at="2024-04-17T22:56:24 PDT" duration-ms="30234">
      <class name="com.allianz.test.LoginTest">
        <test-method is-config="true" signature="setup()[pri:0, instance:com.allianz.test.LoginTest@29215f06]" started-at="2024-04-17T22:55:54 PDT" name="setup" finished-at="2024-04-17T22:56:04 PDT" duration-ms="9825" status="PASS">
          <reporter-output>
          </reporter-output>
        </test-method> <!-- setup -->
        <test-method signature="invalidLoginTest(java.lang.String,java.lang.String,java.lang.String)[pri:0, instance:com.allianz.test.LoginTest@29215f06]" started-at="2024-04-17T22:56:04 PDT" name="invalidLoginTest" data-provider="loginData" finished-at="2024-04-17T22:56:07 PDT" duration-ms="3069" status="PASS">
          <params>
            <param index="0">
              <value>
                <![CDATA[Saul]]>
              </value>
            </param>
            <param index="1">
              <value>
                <![CDATA[Saul123]]>
              </value>
            </param>
            <param index="2">
              <value>
                <![CDATA[Invalid credentials]]>
              </value>
            </param>
          </params>
          <reporter-output>
          </reporter-output>
        </test-method> <!-- invalidLoginTest -->
        <test-method is-config="true" signature="teardown()[pri:0, instance:com.allianz.test.LoginTest@29215f06]" started-at="2024-04-17T22:56:07 PDT" name="teardown" finished-at="2024-04-17T22:56:07 PDT" duration-ms="200" status="PASS">
          <reporter-output>
          </reporter-output>
        </test-method> <!-- teardown -->
        <test-method is-config="true" signature="setup()[pri:0, instance:com.allianz.test.LoginTest@29215f06]" started-at="2024-04-17T22:56:07 PDT" name="setup" finished-at="2024-04-17T22:56:20 PDT" duration-ms="13298" status="PASS">
          <reporter-output>
          </reporter-output>
        </test-method> <!-- setup -->
        <test-method signature="invalidLoginTest(java.lang.String,java.lang.String,java.lang.String)[pri:0, instance:com.allianz.test.LoginTest@29215f06]" started-at="2024-04-17T22:56:20 PDT" name="invalidLoginTest" data-provider="loginData" finished-at="2024-04-17T22:56:24 PDT" duration-ms="3294" status="PASS">
          <params>
            <param index="0">
              <value>
                <![CDATA[Lia]]>
              </value>
            </param>
            <param index="1">
              <value>
                <![CDATA[Lia123]]>
              </value>
            </param>
            <param index="2">
              <value>
                <![CDATA[Invalid credentials]]>
              </value>
            </param>
          </params>
          <reporter-output>
          </reporter-output>
        </test-method> <!-- invalidLoginTest -->
        <test-method is-config="true" signature="teardown()[pri:0, instance:com.allianz.test.LoginTest@29215f06]" started-at="2024-04-17T22:56:24 PDT" name="teardown" finished-at="2024-04-17T22:56:24 PDT" duration-ms="363" status="PASS">
          <reporter-output>
          </reporter-output>
        </test-method> <!-- teardown -->
      </class> <!-- com.allianz.test.LoginTest -->
    </test> <!-- Default test -->
  </suite> <!-- Default suite -->
</testng-results>
