<?xml version="1.0" encoding="UTF-8"?>
<testng-results ignored="0" total="2" passed="2" failed="0" skipped="0">
  <reporter-output>
  </reporter-output>
  <suite started-at="2024-04-11T05:14:08 PDT" name="Default suite" finished-at="2024-04-11T05:14:32 PDT" duration-ms="24513">
    <groups>
    </groups>
    <test started-at="2024-04-11T05:14:08 PDT" name="Default test" finished-at="2024-04-11T05:14:32 PDT" duration-ms="24513">
      <class name="com.allianz.test.LoginUITest">
        <test-method signature="applicationDescription()[pri:0, instance:com.allianz.test.LoginUITest@47e2e487]" started-at="2024-04-11T05:14:08 PDT" name="applicationDescription" finished-at="2024-04-11T05:14:20 PDT" duration-ms="12311" status="PASS">
          <reporter-output>
          </reporter-output>
        </test-method> <!-- applicationDescription -->
        <test-method signature="applicationDescription()[pri:0, instance:com.allianz.test.LoginUITest@47e2e487]" started-at="2024-04-11T05:14:20 PDT" name="applicationDescription" finished-at="2024-04-11T05:14:32 PDT" duration-ms="12076" status="PASS">
          <reporter-output>
          </reporter-output>
        </test-method> <!-- applicationDescription -->
      </class> <!-- com.allianz.test.LoginUITest -->
    </test> <!-- Default test -->
  </suite> <!-- Default suite -->
</testng-results>
